<?xml version="1.0" encoding="UTF-8"?>
<!-- Generated by org.testng.reporters.JUnitXMLReporter -->
<testsuite ignored="0" hostname="DESKTOP-CVOMGDJ" failures="0" tests="2" name="Error Validations Test" time="14.09" errors="0" timestamp="2024-06-27T02:14:35 IST">
  <testcase classname="AniketTestAcademy.tests.ErrorValidations" name="loginErrorValidation" time="2.512"/>
  <testcase classname="AniketTestAcademy.tests.ErrorValidations" name="productErrorValidation" time="3.792"/>
</testsuite> <!-- Error Validations Test -->
