<?xml version="1.0" encoding="UTF-8"?>
<!-- Generated by org.testng.reporters.JUnitXMLReporter -->
<testsuite ignored="0" hostname="DESKTOP-CVOMGDJ" failures="0" tests="2" name="Error Validations Test" time="15.66" errors="0" timestamp="2024-07-03T20:23:32 IST">
  <testcase classname="AniketTestAcademy.tests.ErrorValidations" name="loginErrorValidation" time="1.382"/>
  <testcase classname="AniketTestAcademy.tests.ErrorValidations" name="productErrorValidation" time="4.374"/>
</testsuite> <!-- Error Validations Test -->
