<?xml version="1.0" encoding="UTF-8"?>
<!-- Generated by org.testng.reporters.JUnitXMLReporter -->
<testsuite ignored="3" hostname="DESKTOP-CVOMGDJ" failures="0" tests="0" time="0.029" errors="0" timestamp="2024-06-29T01:32:01 IST">
  <testcase classname="AniketTestAcademy.tests.SubmitOrderTest" name="loginAndOut" time="0.0">
    <ignored/>
  </testcase> <!-- loginAndOut -->
  <testcase classname="AniketTestAcademy.tests.SubmitOrderTest" name="orderHistorytest" time="0.0">
    <ignored/>
  </testcase> <!-- orderHistorytest -->
  <testcase classname="AniketTestAcademy.tests.SubmitOrderTest" name="submitOrder" time="0.0">
    <ignored/>
  </testcase> <!-- submitOrder -->
</testsuite>
