<?xml version="1.0" encoding="UTF-8"?>
<!-- Generated by org.testng.reporters.JUnitXMLReporter -->
<testsuite ignored="0" hostname="DESKTOP-CVOMGDJ" failures="0" tests="2" name="Error Validations Test" time="12.294" errors="0" timestamp="2024-06-24T00:38:20 IST">
  <testcase classname="AniketTestAcademy.tests.ErrorValidations" name="loginErrorValidation" time="0.736"/>
  <testcase classname="AniketTestAcademy.tests.ErrorValidations" name="productErrorValidation" time="3.43"/>
</testsuite> <!-- Error Validations Test -->
