<?xml version="1.0" encoding="UTF-8"?>
<!-- Generated by org.testng.reporters.JUnitXMLReporter -->
<testsuite ignored="2" hostname="DESKTOP-CVOMGDJ" failures="0" tests="2" name="Submit Order Test" time="29.164" errors="0" timestamp="2024-07-03T20:29:26 IST">
  <testcase classname="AniketTestAcademy.tests.SubmitOrderTest" name="submitOrder" time="10.59"/>
  <testcase classname="AniketTestAcademy.tests.SubmitOrderTest" name="submitOrder" time="10.253"/>
  <testcase classname="AniketTestAcademy.tests.SubmitOrderTest" name="loginAndOut" time="0.0">
    <ignored/>
  </testcase> <!-- loginAndOut -->
  <testcase classname="AniketTestAcademy.tests.SubmitOrderTest" name="orderHistorytest" time="0.0">
    <ignored/>
  </testcase> <!-- orderHistorytest -->
</testsuite> <!-- Submit Order Test -->
