<?xml version="1.0" encoding="UTF-8"?>
<testng-results ignored="0" total="2" passed="2" failed="0" skipped="0">
  <reporter-output>
  </reporter-output>
  <suite started-at="2024-07-03T20:28:57 IST" name="Suite" finished-at="2024-07-03T20:29:26 IST" duration-ms="29164">
    <groups>
      <group name="Purchase">
        <method signature="SubmitOrderTest.submitOrder(java.util.HashMap)[pri:2, instance:AniketTestAcademy.tests.SubmitOrderTest@130d63be]" name="submitOrder" class="AniketTestAcademy.tests.SubmitOrderTest"/>
      </group> <!-- Purchase -->
    </groups>
    <test started-at="2024-07-03T20:28:57 IST" name="Error Validations Test" finished-at="2024-07-03T20:28:57 IST" duration-ms="19">
    </test> <!-- Error Validations Test -->
    <test started-at="2024-07-03T20:28:57 IST" name="Submit Order Test" finished-at="2024-07-03T20:29:26 IST" duration-ms="29164">
      <class name="AniketTestAcademy.tests.SubmitOrderTest">
        <test-method is-config="true" signature="launchApplication()[pri:0, instance:AniketTestAcademy.tests.SubmitOrderTest@130d63be]" started-at="2024-07-03T20:28:57 IST" name="launchApplication" finished-at="2024-07-03T20:29:02 IST" duration-ms="4711" status="PASS">
          <reporter-output>
          </reporter-output>
        </test-method> <!-- launchApplication -->
        <test-method signature="submitOrder(java.util.HashMap)[pri:2, instance:AniketTestAcademy.tests.SubmitOrderTest@130d63be]" started-at="2024-07-03T20:29:02 IST" name="submitOrder" data-provider="getData" finished-at="2024-07-03T20:29:12 IST" duration-ms="10590" status="PASS">
          <params>
            <param index="0">
              <value>
                <![CDATA[{password=Aniket@1234, product=ZARA COAT 3, email=aniketgapat@test.com}]]>
              </value>
            </param>
          </params>
          <reporter-output>
          </reporter-output>
        </test-method> <!-- submitOrder -->
        <test-method is-config="true" signature="tearDown()[pri:0, instance:AniketTestAcademy.tests.SubmitOrderTest@130d63be]" started-at="2024-07-03T20:29:12 IST" name="tearDown" finished-at="2024-07-03T20:29:13 IST" duration-ms="403" status="PASS">
          <reporter-output>
          </reporter-output>
        </test-method> <!-- tearDown -->
        <test-method is-config="true" signature="launchApplication()[pri:0, instance:AniketTestAcademy.tests.SubmitOrderTest@130d63be]" started-at="2024-07-03T20:29:13 IST" name="launchApplication" finished-at="2024-07-03T20:29:15 IST" duration-ms="2492" status="PASS">
          <reporter-output>
          </reporter-output>
        </test-method> <!-- launchApplication -->
        <test-method signature="submitOrder(java.util.HashMap)[pri:2, instance:AniketTestAcademy.tests.SubmitOrderTest@130d63be]" started-at="2024-07-03T20:29:15 IST" name="submitOrder" data-provider="getData" finished-at="2024-07-03T20:29:26 IST" duration-ms="10253" status="PASS">
          <params>
            <param index="0">
              <value>
                <![CDATA[{password=Aniket@1234, product=ADIDAS ORIGINAL, email=aniket@gmail.com}]]>
              </value>
            </param>
          </params>
          <reporter-output>
          </reporter-output>
        </test-method> <!-- submitOrder -->
        <test-method is-config="true" signature="tearDown()[pri:0, instance:AniketTestAcademy.tests.SubmitOrderTest@130d63be]" started-at="2024-07-03T20:29:26 IST" name="tearDown" finished-at="2024-07-03T20:29:26 IST" duration-ms="247" status="PASS">
          <reporter-output>
          </reporter-output>
        </test-method> <!-- tearDown -->
      </class> <!-- AniketTestAcademy.tests.SubmitOrderTest -->
    </test> <!-- Submit Order Test -->
  </suite> <!-- Suite -->
</testng-results>
