<?xml version="1.0" encoding="UTF-8"?>
<testng-results ignored="0" total="1" passed="1" failed="0" skipped="0">
  <reporter-output>
  </reporter-output>
  <suite started-at="2024-06-29T02:18:34 IST" name="Suite" finished-at="2024-06-29T02:18:39 IST" duration-ms="5115">
    <groups>
      <group name="ErrorHandling">
        <method signature="ErrorValidations.loginErrorValidation()[pri:0, instance:AniketTestAcademy.tests.ErrorValidations@15ca7889]" name="loginErrorValidation" class="AniketTestAcademy.tests.ErrorValidations"/>
      </group> <!-- ErrorHandling -->
    </groups>
    <test started-at="2024-06-29T02:18:34 IST" name="Submit Order Test" finished-at="2024-06-29T02:18:34 IST" duration-ms="21">
    </test> <!-- Submit Order Test -->
    <test started-at="2024-06-29T02:18:34 IST" name="Error Validations Test" finished-at="2024-06-29T02:18:39 IST" duration-ms="5115">
      <class name="AniketTestAcademy.tests.ErrorValidations">
        <test-method is-config="true" signature="launchApplication()[pri:0, instance:AniketTestAcademy.tests.ErrorValidations@15ca7889]" started-at="2024-06-29T02:18:34 IST" name="launchApplication" finished-at="2024-06-29T02:18:38 IST" duration-ms="4044" status="PASS">
          <reporter-output>
          </reporter-output>
        </test-method> <!-- launchApplication -->
        <test-method signature="loginErrorValidation()[pri:0, instance:AniketTestAcademy.tests.ErrorValidations@15ca7889]" started-at="2024-06-29T02:18:38 IST" name="loginErrorValidation" finished-at="2024-06-29T02:18:38 IST" duration-ms="648" status="PASS">
          <reporter-output>
          </reporter-output>
        </test-method> <!-- loginErrorValidation -->
        <test-method is-config="true" signature="tearDown()[pri:0, instance:AniketTestAcademy.tests.ErrorValidations@15ca7889]" started-at="2024-06-29T02:18:38 IST" name="tearDown" finished-at="2024-06-29T02:18:39 IST" duration-ms="301" status="PASS">
          <reporter-output>
          </reporter-output>
        </test-method> <!-- tearDown -->
      </class> <!-- AniketTestAcademy.tests.ErrorValidations -->
    </test> <!-- Error Validations Test -->
  </suite> <!-- Suite -->
</testng-results>
